{
  "RSpec": {
    "coverage": {
      "/home/gautham/Sedin/Training/stud_mgmt_app/app/controllers/api/v1/auth_controller.rb": {
        "lines": [
          1,
          1,
          null,
          1,
          10,
          null,
          10,
          4,
          4,
          null,
          null,
          null,
          null,
          null,
          null,
          null,
          null,
          null,
          null,
          6,
          null,
          null,
          null,
          1,
          null,
          1,
          null,
          4,
          null,
          null,
          null,
          null,
          4,
          null,
          null
        ]
      },
      "/home/gautham/Sedin/Training/stud_mgmt_app/app/controllers/api/v1/students_controller.rb": {
        "lines": [
          1,
          1,
          null,
          null,
          null,
          null,
          null,
          null,
          null,
          null,
          1,
          null,
          null,
          null,
          null,
          1,
          null,
          null,
          null,
          null,
          1,
          null,
          null,
          null,
          null,
          1,
          null,
          4,
          3,
          null,
          1,
          null,
          null,
          4,
          4,
          4,
          null,
          4,
          null,
          8,
          null,
          null,
          null,
          null,
          null,
          null,
          null,
          null,
          null,
          null,
          null,
          1,
          3,
          null,
          null,
          null,
          null,
          null,
          null,
          null,
          null,
          null,
          null,
          null,
          null,
          null,
          null,
          null,
          null,
          1,
          null,
          6,
          5,
          null,
          1,
          null,
          null,
          6,
          4,
          null,
          null,
          null,
          null,
          null,
          null,
          null,
          null,
          null,
          null,
          null,
          null,
          null,
          2,
          null,
          null,
          null,
          null,
          null,
          1,
          6,
          4,
          null,
          null,
          null,
          null,
          null,
          null,
          null,
          null,
          null,
          null,
          null,
          null,
          null,
          2,
          null,
          null,
          null,
          null,
          null,
          1,
          3,
          null,
          3,
          null,
          null,
          null,
          null,
          1,
          4,
          null,
          4,
          null,
          null,
          null,
          null,
          null,
          null,
          null,
          null,
          null,
          1,
          2,
          null,
          2,
          null,
          null,
          null,
          null,
          null,
          null,
          null,
          null,
          null,
          1,
          3,
          2,
          null,
          null,
          null,
          null,
          1,
          null,
          null,
          null,
          null,
          null,
          1,
          null,
          1,
          null,
          24,
          18,
          6,
          3,
          null,
          3,
          null,
          null,
          24,
          null,
          24,
          null,
          2,
          null,
          null,
          null,
          null,
          1,
          12,
          null,
          null,
          null,
          null,
          null,
          null,
          null,
          null,
          12,
          null,
          12,
          null,
          null,
          1,
          34,
          null,
          5,
          null,
          null,
          null,
          null,
          1,
          3,
          null,
          null,
          null,
          0,
          null,
          null,
          null,
          null,
          1,
          3,
          null,
          1,
          null,
          null,
          null
        ]
      },
      "/home/gautham/Sedin/Training/stud_mgmt_app/app/controllers/api/v1/teachers/students_controller.rb": {
        "lines": [
          1,
          1,
          1,
          null,
          1,
          5,
          null,
          5,
          null,
          10,
          null,
          null,
          null,
          null,
          null,
          null,
          null,
          null,
          null,
          null,
          null,
          1,
          5,
          null,
          5,
          3,
          null,
          null,
          null,
          null,
          null,
          null,
          null,
          null,
          null,
          null,
          null,
          null,
          null,
          null,
          null,
          null,
          null,
          null,
          2,
          null,
          null,
          null,
          1,
          null,
          1,
          13,
          null,
          13,
          3,
          null,
          null,
          null,
          1,
          5,
          null,
          null,
          1,
          16,
          3,
          null,
          null,
          null
        ]
      },
      "/home/gautham/Sedin/Training/stud_mgmt_app/app/controllers/api/v1/teachers_controller.rb": {
        "lines": [
          1,
          1,
          1,
          null,
          1,
          3,
          3,
          0,
          null,
          3,
          null,
          3,
          null,
          null,
          null,
          null,
          null,
          null,
          null,
          null,
          1,
          3,
          null,
          null,
          null,
          null,
          null,
          null,
          3,
          null,
          null,
          null,
          null,
          null,
          null,
          null,
          null,
          1,
          2,
          2,
          null,
          2,
          2,
          null,
          null,
          null,
          null,
          null,
          null,
          null,
          null,
          null,
          0,
          null,
          null,
          null,
          1,
          2,
          2,
          null,
          null,
          null,
          null,
          null,
          null,
          null,
          null,
          null,
          0,
          null,
          null,
          null,
          1,
          2,
          2,
          null,
          null,
          1,
          null,
          1,
          9,
          null,
          9,
          2,
          null,
          null,
          null,
          1,
          4,
          null,
          null,
          1,
          15,
          1,
          null,
          null,
          null
        ]
      },
      "/home/gautham/Sedin/Training/stud_mgmt_app/app/controllers/api_controller.rb": {
        "lines": [
          1,
          1,
          null,
          1,
          null,
          1,
          70,
          70,
          null,
          70,
          0,
          null,
          null,
          null,
          70,
          70,
          null,
          0,
          null,
          0,
          null,
          0,
          null,
          null,
          null,
          1,
          74,
          null,
          null,
          1,
          148,
          null,
          null
        ]
      },
      "/home/gautham/Sedin/Training/stud_mgmt_app/app/controllers/application_controller.rb": {
        "lines": [
          1,
          1,
          1,
          null,
          1,
          null,
          1,
          1,
          null,
          null,
          1,
          null,
          1,
          6,
          4,
          null,
          null,
          1,
          0,
          0,
          null,
          null,
          1,
          38,
          7,
          null,
          null
        ]
      },
      "/home/gautham/Sedin/Training/stud_mgmt_app/app/controllers/home_controller.rb": {
        "lines": [
          1,
          1,
          8,
          2,
          6,
          2,
          4,
          4,
          null,
          null,
          null,
          1,
          null,
          1,
          2,
          null,
          2,
          null,
          null,
          2,
          null,
          null,
          2,
          null,
          null,
          null,
          null,
          1,
          2,
          null,
          2,
          null,
          null,
          2,
          null,
          null,
          null,
          2,
          null,
          null,
          null,
          null,
          null,
          null,
          1,
          4,
          null,
          4,
          2,
          2,
          null,
          null,
          null
        ]
      },
      "/home/gautham/Sedin/Training/stud_mgmt_app/app/controllers/students_controller.rb": {
        "lines": [
          1,
          1,
          null,
          null,
          null,
          null,
          1,
          null,
          null,
          null,
          null,
          null,
          null,
          null,
          null,
          null,
          null,
          1,
          null,
          2,
          1,
          null,
          1,
          null,
          null,
          2,
          0,
          null,
          null,
          2,
          0,
          null,
          null,
          2,
          null,
          2,
          0,
          null,
          null,
          null,
          1,
          4,
          2,
          2,
          1,
          null,
          null,
          null,
          null,
          1,
          0,
          null,
          null,
          1,
          null,
          10,
          5,
          null,
          5,
          null,
          null,
          10,
          10,
          null,
          8,
          3,
          null,
          5,
          null,
          null,
          8,
          6,
          null,
          null,
          8,
          2,
          null,
          null,
          2,
          2,
          null,
          null,
          2,
          0,
          null,
          null,
          null,
          null,
          null,
          null,
          null,
          null,
          null,
          1,
          0,
          0,
          0,
          null,
          null,
          null,
          null,
          null,
          null,
          null,
          1,
          7,
          null,
          7,
          7,
          null,
          5,
          0,
          null,
          null,
          5,
          3,
          null,
          null,
          null,
          5,
          2,
          null,
          null,
          null,
          null,
          2,
          2,
          null,
          null,
          null,
          2,
          0,
          null,
          null,
          null,
          null,
          null,
          null,
          null,
          null,
          null,
          null,
          null,
          null,
          1,
          7,
          null,
          7,
          null,
          null,
          7,
          3,
          null,
          4,
          null,
          null,
          7,
          7,
          5,
          null,
          null,
          null,
          7,
          2,
          null,
          null,
          null,
          null,
          1,
          1,
          null,
          1,
          null,
          null,
          1,
          2,
          null,
          2,
          null,
          1,
          null,
          1,
          null,
          null,
          1,
          2,
          null,
          2,
          1,
          null,
          null,
          null,
          1,
          null,
          null,
          1,
          null,
          null,
          null,
          null,
          null,
          1,
          6,
          2,
          null,
          4,
          null,
          null,
          6,
          null,
          6,
          null,
          null,
          null,
          null,
          null,
          1,
          2,
          null,
          2,
          null,
          null,
          null,
          null,
          null,
          1,
          null,
          1,
          29,
          29,
          null,
          null,
          1,
          null,
          17,
          null,
          null,
          null,
          null,
          null,
          null,
          null,
          null,
          null,
          17,
          null,
          17,
          null,
          null,
          1,
          7,
          null,
          null
        ]
      },
      "/home/gautham/Sedin/Training/stud_mgmt_app/app/controllers/users_controller.rb": {
        "lines": [
          1,
          1,
          null,
          1,
          2,
          null,
          null
        ]
      },
      "/home/gautham/Sedin/Training/stud_mgmt_app/app/helpers/application_helper.rb": {
        "lines": [
          1,
          null,
          1,
          null,
          null,
          null,
          null,
          null,
          1,
          15,
          null,
          null,
          1,
          59,
          null,
          null,
          1,
          17,
          null,
          null,
          1,
          7,
          null,
          6,
          null,
          1,
          null,
          0,
          null,
          null,
          null
        ]
      },
      "/home/gautham/Sedin/Training/stud_mgmt_app/app/helpers/home_helper.rb": {
        "lines": [
          1,
          null
        ]
      },
      "/home/gautham/Sedin/Training/stud_mgmt_app/app/helpers/students_helper.rb": {
        "lines": [
          1,
          null
        ]
      },
      "/home/gautham/Sedin/Training/stud_mgmt_app/app/helpers/users_helper.rb": {
        "lines": [
          1,
          null
        ]
      },
      "/home/gautham/Sedin/Training/stud_mgmt_app/app/jobs/application_job.rb": {
        "lines": [
          1,
          null,
          null,
          null,
          null,
          null,
          null
        ]
      },
      "/home/gautham/Sedin/Training/stud_mgmt_app/app/jobs/generate_student_report_job.rb": {
        "lines": [
          1,
          1,
          null,
          1,
          2,
          null
        ]
      },
      "/home/gautham/Sedin/Training/stud_mgmt_app/app/mailers/application_mailer.rb": {
        "lines": [
          1,
          1,
          1,
          null
        ]
      },
      "/home/gautham/Sedin/Training/stud_mgmt_app/app/mailers/student_mailer.rb": {
        "lines": [
          1,
          1,
          3,
          null,
          3,
          null,
          null,
          null,
          null,
          null,
          1,
          4,
          4,
          null,
          4,
          null,
          null,
          null,
          null,
          null,
          1,
          3,
          null,
          3,
          null,
          null,
          null,
          null,
          null,
          1,
          3,
          null,
          3,
          null,
          null,
          null,
          null,
          null,
          null,
          null,
          null,
          null,
          null,
          null,
          null,
          null,
          null,
          null,
          null,
          null,
          null
        ]
      },
      "/home/gautham/Sedin/Training/stud_mgmt_app/app/mailers/teacher_mailer.rb": {
        "lines": [
          1,
          1,
          4,
          4,
          null,
          4,
          null,
          null,
          null,
          null,
          null,
          1,
          4,
          4,
          null,
          4,
          null,
          null,
          null,
          null,
          null
        ]
      },
      "/home/gautham/Sedin/Training/stud_mgmt_app/app/models/application_record.rb": {
        "lines": [
          1,
          1,
          null
        ]
      },
      "/home/gautham/Sedin/Training/stud_mgmt_app/app/models/student.rb": {
        "lines": [
          1,
          1,
          null,
          1,
          null,
          1,
          null,
          1,
          null,
          1,
          null,
          1,
          null,
          1,
          null,
          1,
          null,
          1,
          318,
          null,
          null,
          1,
          null,
          1,
          null,
          null,
          null,
          1,
          21,
          null,
          null,
          1,
          13,
          null,
          null,
          1,
          3,
          3,
          null,
          null,
          1,
          2,
          null,
          null,
          1,
          7,
          1,
          1,
          1,
          1,
          1,
          1,
          1,
          null,
          null,
          null,
          1,
          null,
          1,
          null,
          null,
          null,
          null,
          null,
          null,
          1,
          null,
          null,
          null,
          null,
          null,
          1,
          null,
          null,
          null,
          1,
          null,
          null,
          1,
          null,
          null,
          null,
          null,
          null,
          null,
          1,
          49,
          null,
          48,
          null,
          null,
          1,
          null,
          1,
          386,
          null,
          4,
          4,
          null,
          4,
          1,
          null,
          null,
          4,
          1,
          null,
          null,
          null,
          1,
          386,
          4,
          1,
          null,
          null,
          4,
          0,
          null,
          null,
          null,
          null,
          1,
          318,
          null,
          null,
          1,
          21,
          null,
          1,
          null,
          null,
          null,
          null,
          null,
          null,
          null,
          null
        ]
      },
      "/home/gautham/Sedin/Training/stud_mgmt_app/app/models/user.rb": {
        "lines": [
          1,
          null,
          null,
          1,
          null,
          null,
          null,
          null,
          null,
          1,
          null,
          null,
          null,
          null,
          null,
          1,
          null,
          1,
          null,
          null,
          null,
          null,
          null,
          1,
          null
        ]
      },
      "/home/gautham/Sedin/Training/stud_mgmt_app/app/services/student_notification_service.rb": {
        "lines": [
          1,
          1,
          318,
          null,
          null,
          1,
          1,
          null,
          1,
          null,
          null,
          1,
          1,
          null,
          1,
          null,
          null,
          null,
          null,
          null,
          null,
          1,
          1,
          null,
          null
        ]
      },
      "/home/gautham/Sedin/Training/stud_mgmt_app/app/services/student_report_generation_service.rb": {
        "lines": [
          1,
          null,
          1,
          1,
          7,
          null,
          null,
          1,
          7,
          null,
          4,
          null,
          4,
          null,
          4,
          null,
          null,
          1,
          null,
          1,
          null,
          1,
          4,
          null,
          4,
          null,
          null,
          null,
          null,
          null
        ]
      },
      "/home/gautham/Sedin/Training/stud_mgmt_app/app/services/student_report_pdf_service.rb": {
        "lines": [
          1,
          1,
          4,
          null,
          null,
          1,
          4,
          null,
          4,
          4,
          null,
          4,
          4,
          4,
          4,
          4,
          4,
          4,
          4,
          4,
          null,
          4,
          null,
          null
        ]
      },
      "/home/gautham/Sedin/Training/stud_mgmt_app/app/services/student_report_service.rb": {
        "lines": [
          1,
          1,
          14,
          null,
          null,
          1,
          4,
          8,
          null,
          null
        ]
      },
      "/home/gautham/Sedin/Training/stud_mgmt_app/app/services/student_user_sync_service.rb": {
        "lines": [
          1,
          1,
          359,
          null,
          null,
          1,
          319,
          null,
          318,
          null,
          null,
          null,
          null,
          null,
          null,
          null,
          null,
          1,
          24,
          null,
          null,
          10,
          3,
          null,
          7,
          null,
          null,
          10,
          null,
          10,
          null,
          8,
          null,
          null,
          null,
          null,
          null,
          1,
          16,
          null,
          16,
          null,
          null
        ]
      }
    },
    "timestamp": 1784012722
  }
}
